<?xml version="1.0" encoding="UTF-8"?>
<testsuite name="com.fullcycle.admin.catalog.application.UseCaseTest" tests="1" skipped="0" failures="0" errors="0" timestamp="2022-06-16T18:17:46" hostname="SEN1099" time="0.088">
  <properties/>
  <testcase name="testCreateUseCase()" classname="com.fullcycle.admin.catalog.application.UseCaseTest" time="0.088"/>
  <system-out><![CDATA[]]></system-out>
  <system-err><![CDATA[]]></system-err>
</testsuite>
